CRITICAL - 2022-04-13 12:07:45 --> Invalid file: pessoas.php
#0 C:\wamp64\www\ProjetoCodeIgniter1\system\View\View.php(198): CodeIgniter\Exceptions\FrameworkException::forInvalidFile('pessoas.php')
#1 C:\wamp64\www\ProjetoCodeIgniter1\system\Common.php(1089): CodeIgniter\View\View->render('pessoas', Array, true)
#2 C:\wamp64\www\ProjetoCodeIgniter1\app\Controllers\Home.php(18): view('pessoas')
#3 C:\wamp64\www\ProjetoCodeIgniter1\system\CodeIgniter.php(825): App\Controllers\Home->page('pessoas')
#4 C:\wamp64\www\ProjetoCodeIgniter1\system\CodeIgniter.php(412): CodeIgniter\CodeIgniter->runController(Object(App\Controllers\Home))
#5 C:\wamp64\www\ProjetoCodeIgniter1\system\CodeIgniter.php(320): CodeIgniter\CodeIgniter->handleRequest(NULL, Object(Config\Cache), false)
#6 C:\wamp64\www\ProjetoCodeIgniter1\public\index.php(37): CodeIgniter\CodeIgniter->run()
#7 C:\wamp64\www\ProjetoCodeIgniter1\system\Commands\Server\rewrite.php(43): require_once('C:\\wamp64\\www\\P...')
#8 {main}
CRITICAL - 2022-04-13 12:11:22 --> Invalid file: pessoas.php
#0 C:\wamp64\www\ProjetoCodeIgniter1\system\View\View.php(198): CodeIgniter\Exceptions\FrameworkException::forInvalidFile('pessoas.php')
#1 C:\wamp64\www\ProjetoCodeIgniter1\system\Common.php(1089): CodeIgniter\View\View->render('pessoas', Array, true)
#2 C:\wamp64\www\ProjetoCodeIgniter1\app\Controllers\Home.php(18): view('pessoas')
#3 C:\wamp64\www\ProjetoCodeIgniter1\system\CodeIgniter.php(825): App\Controllers\Home->page('pessoas')
#4 C:\wamp64\www\ProjetoCodeIgniter1\system\CodeIgniter.php(412): CodeIgniter\CodeIgniter->runController(Object(App\Controllers\Home))
#5 C:\wamp64\www\ProjetoCodeIgniter1\system\CodeIgniter.php(320): CodeIgniter\CodeIgniter->handleRequest(NULL, Object(Config\Cache), false)
#6 C:\wamp64\www\ProjetoCodeIgniter1\public\index.php(37): CodeIgniter\CodeIgniter->run()
#7 C:\wamp64\www\ProjetoCodeIgniter1\system\Commands\Server\rewrite.php(43): require_once('C:\\wamp64\\www\\P...')
#8 {main}
CRITICAL - 2022-04-13 12:11:36 --> Class 'App\Controllers\PessoaModel' not found
#0 C:\wamp64\www\ProjetoCodeIgniter1\system\CodeIgniter.php(825): App\Controllers\Home->pessoa()
#1 C:\wamp64\www\ProjetoCodeIgniter1\system\CodeIgniter.php(412): CodeIgniter\CodeIgniter->runController(Object(App\Controllers\Home))
#2 C:\wamp64\www\ProjetoCodeIgniter1\system\CodeIgniter.php(320): CodeIgniter\CodeIgniter->handleRequest(NULL, Object(Config\Cache), false)
#3 C:\wamp64\www\ProjetoCodeIgniter1\public\index.php(37): CodeIgniter\CodeIgniter->run()
#4 C:\wamp64\www\ProjetoCodeIgniter1\system\Commands\Server\rewrite.php(43): require_once('C:\\wamp64\\www\\P...')
#5 {main}
CRITICAL - 2022-04-13 12:11:54 --> Class 'App\Controllers\PessoaModel' not found
#0 C:\wamp64\www\ProjetoCodeIgniter1\system\CodeIgniter.php(825): App\Controllers\Home->pessoa()
#1 C:\wamp64\www\ProjetoCodeIgniter1\system\CodeIgniter.php(412): CodeIgniter\CodeIgniter->runController(Object(App\Controllers\Home))
#2 C:\wamp64\www\ProjetoCodeIgniter1\system\CodeIgniter.php(320): CodeIgniter\CodeIgniter->handleRequest(NULL, Object(Config\Cache), false)
#3 C:\wamp64\www\ProjetoCodeIgniter1\public\index.php(37): CodeIgniter\CodeIgniter->run()
#4 C:\wamp64\www\ProjetoCodeIgniter1\system\Commands\Server\rewrite.php(43): require_once('C:\\wamp64\\www\\P...')
#5 {main}
CRITICAL - 2022-04-13 12:12:16 --> Class 'App\Controllers\PessoaModel' not found
#0 C:\wamp64\www\ProjetoCodeIgniter1\system\CodeIgniter.php(825): App\Controllers\Home->pessoa()
#1 C:\wamp64\www\ProjetoCodeIgniter1\system\CodeIgniter.php(412): CodeIgniter\CodeIgniter->runController(Object(App\Controllers\Home))
#2 C:\wamp64\www\ProjetoCodeIgniter1\system\CodeIgniter.php(320): CodeIgniter\CodeIgniter->handleRequest(NULL, Object(Config\Cache), false)
#3 C:\wamp64\www\ProjetoCodeIgniter1\public\index.php(37): CodeIgniter\CodeIgniter->run()
#4 C:\wamp64\www\ProjetoCodeIgniter1\system\Commands\Server\rewrite.php(43): require_once('C:\\wamp64\\www\\P...')
#5 {main}
CRITICAL - 2022-04-13 12:12:22 --> Class 'App\Controllers\PessoaModel' not found
#0 C:\wamp64\www\ProjetoCodeIgniter1\system\CodeIgniter.php(825): App\Controllers\Home->pessoa()
#1 C:\wamp64\www\ProjetoCodeIgniter1\system\CodeIgniter.php(412): CodeIgniter\CodeIgniter->runController(Object(App\Controllers\Home))
#2 C:\wamp64\www\ProjetoCodeIgniter1\system\CodeIgniter.php(320): CodeIgniter\CodeIgniter->handleRequest(NULL, Object(Config\Cache), false)
#3 C:\wamp64\www\ProjetoCodeIgniter1\public\index.php(37): CodeIgniter\CodeIgniter->run()
#4 C:\wamp64\www\ProjetoCodeIgniter1\system\Commands\Server\rewrite.php(43): require_once('C:\\wamp64\\www\\P...')
#5 {main}
